c:\users\feros\onedrive\documents\github\cppintro\project\irframework\irframework\debug\vc141.pdb
c:\users\feros\onedrive\documents\github\cppintro\project\irframework\irframework\debug\vc141.idb
c:\users\feros\onedrive\documents\github\cppintro\project\irframework\irframework\debug\testresult.obj
c:\users\feros\onedrive\documents\github\cppintro\project\irframework\irframework\debug\testregistry.obj
c:\users\feros\onedrive\documents\github\cppintro\project\irframework\irframework\debug\test.obj
c:\users\feros\onedrive\documents\github\cppintro\project\irframework\irframework\debug\main.obj
c:\users\feros\onedrive\documents\github\cppintro\project\irframework\irframework\debug\ircode.obj
c:\users\feros\onedrive\documents\github\cppintro\project\irframework\irframework\debug\ihardware.obj
c:\users\feros\onedrive\documents\github\cppintro\project\irframework\irframework\debug\icode.obj
c:\users\feros\onedrive\documents\github\cppintro\project\irframework\irframework\debug\failure.obj
c:\users\feros\onedrive\documents\github\cppintro\project\irframework\irframework\debug\arduinointerface.obj
c:\users\feros\onedrive\documents\github\cppintro\project\irframework\irframework\debug\gui.obj
c:\users\feros\onedrive\documents\github\cppintro\project\irframework\irframework\debug\framework.obj
c:\users\feros\onedrive\documents\github\cppintro\project\irframework\irframework\debug\databaseinterface.obj
c:\users\feros\onedrive\documents\github\cppintro\project\irframework\irframework\debug\icodetest.obj
c:\users\feros\onedrive\documents\github\cppintro\project\irframework\debug\irframework.exe
c:\users\feros\onedrive\documents\github\cppintro\project\irframework\debug\irframework.ilk
c:\users\feros\onedrive\documents\github\cppintro\project\irframework\debug\irframework.pdb
c:\users\feros\onedrive\documents\github\cppintro\project\irframework\irframework\debug\irframework.tlog\cl.command.1.tlog
c:\users\feros\onedrive\documents\github\cppintro\project\irframework\irframework\debug\irframework.tlog\cl.read.1.tlog
c:\users\feros\onedrive\documents\github\cppintro\project\irframework\irframework\debug\irframework.tlog\cl.write.1.tlog
c:\users\feros\onedrive\documents\github\cppintro\project\irframework\irframework\debug\irframework.tlog\link.command.1.tlog
c:\users\feros\onedrive\documents\github\cppintro\project\irframework\irframework\debug\irframework.tlog\link.read.1.tlog
c:\users\feros\onedrive\documents\github\cppintro\project\irframework\irframework\debug\irframework.tlog\link.write.1.tlog
