c:\users\feros\onedrive\documents\github\cppintro\cppadvanced\assignment 1\assignment 1\debug\vc141.pdb
c:\users\feros\onedrive\documents\github\cppintro\cppadvanced\assignment 1\assignment 1\debug\vc141.idb
c:\users\feros\onedrive\documents\github\cppintro\cppadvanced\assignment 1\assignment 1\debug\point.obj
c:\users\feros\onedrive\documents\github\cppintro\cppadvanced\assignment 1\assignment 1\debug\pointtest.obj
c:\users\feros\onedrive\documents\github\cppintro\cppadvanced\assignment 1\assignment 1\debug\testresult.obj
c:\users\feros\onedrive\documents\github\cppintro\cppadvanced\assignment 1\assignment 1\debug\testregistry.obj
c:\users\feros\onedrive\documents\github\cppintro\cppadvanced\assignment 1\assignment 1\debug\test.obj
c:\users\feros\onedrive\documents\github\cppintro\cppadvanced\assignment 1\assignment 1\debug\main.obj
c:\users\feros\onedrive\documents\github\cppintro\cppadvanced\assignment 1\assignment 1\debug\failure.obj
c:\users\feros\onedrive\documents\github\cppintro\cppadvanced\assignment 1\assignment 1\debug\xxxtest.obj
c:\users\feros\onedrive\documents\github\cppintro\cppadvanced\assignment 1\assignment 1\debug\vectorgraphictest.obj
c:\users\feros\onedrive\documents\github\cppintro\cppadvanced\assignment 1\assignment 1\debug\vectorgraphic.obj
c:\users\feros\onedrive\documents\github\cppintro\cppadvanced\assignment 1\assignment 1\debug\vectorgraphicparser.obj
c:\users\feros\onedrive\documents\github\cppintro\cppadvanced\assignment 1\debug\assignment 1.exe
c:\users\feros\onedrive\documents\github\cppintro\cppadvanced\assignment 1\debug\assignment 1.ilk
c:\users\feros\onedrive\documents\github\cppintro\cppadvanced\assignment 1\debug\assignment 1.pdb
c:\users\feros\onedrive\documents\github\cppintro\cppadvanced\assignment 1\assignment 1\debug\assignment 1.tlog\cl.command.1.tlog
c:\users\feros\onedrive\documents\github\cppintro\cppadvanced\assignment 1\assignment 1\debug\assignment 1.tlog\cl.read.1.tlog
c:\users\feros\onedrive\documents\github\cppintro\cppadvanced\assignment 1\assignment 1\debug\assignment 1.tlog\cl.write.1.tlog
c:\users\feros\onedrive\documents\github\cppintro\cppadvanced\assignment 1\assignment 1\debug\assignment 1.tlog\link.command.1.tlog
c:\users\feros\onedrive\documents\github\cppintro\cppadvanced\assignment 1\assignment 1\debug\assignment 1.tlog\link.read.1.tlog
c:\users\feros\onedrive\documents\github\cppintro\cppadvanced\assignment 1\assignment 1\debug\assignment 1.tlog\link.write.1.tlog
